[2025-03-04T16:30:01.624+0000] {taskinstance.py:1956} INFO - Dependencies all met for dep_context=non-requeueable deps ti=<TaskInstance: dag_train_model.check_data_growth scheduled__2025-03-04T16:00:00+00:00 [queued]>
[2025-03-04T16:30:01.628+0000] {taskinstance.py:1956} INFO - Dependencies all met for dep_context=requeueable deps ti=<TaskInstance: dag_train_model.check_data_growth scheduled__2025-03-04T16:00:00+00:00 [queued]>
[2025-03-04T16:30:01.628+0000] {taskinstance.py:2170} INFO - Starting attempt 1 of 2
[2025-03-04T16:30:01.634+0000] {taskinstance.py:2191} INFO - Executing <Task(BranchPythonOperator): check_data_growth> on 2025-03-04 16:00:00+00:00
[2025-03-04T16:30:01.638+0000] {standard_task_runner.py:60} INFO - Started process 14693 to run task
[2025-03-04T16:30:01.640+0000] {standard_task_runner.py:87} INFO - Running: ['***', 'tasks', 'run', 'dag_train_model', 'check_data_growth', 'scheduled__2025-03-04T16:00:00+00:00', '--job-id', '782', '--raw', '--subdir', 'DAGS_FOLDER/dag_train_model.py', '--cfg-path', '/tmp/tmp7im4dxuw']
[2025-03-04T16:30:01.641+0000] {standard_task_runner.py:88} INFO - Job 782: Subtask check_data_growth
[2025-03-04T16:30:01.647+0000] {warnings.py:109} WARNING - /home/***/.local/lib/python3.8/site-packages/***/settings.py:194: DeprecationWarning: The sql_alchemy_conn option in [core] has been moved to the sql_alchemy_conn option in [database] - the old setting has been used, but please update your config.
  SQL_ALCHEMY_CONN = conf.get("database", "SQL_ALCHEMY_CONN")

[2025-03-04T16:30:01.665+0000] {task_command.py:423} INFO - Running <TaskInstance: dag_train_model.check_data_growth scheduled__2025-03-04T16:00:00+00:00 [running]> on host 6b693801eb18
[2025-03-04T16:30:01.704+0000] {taskinstance.py:2480} INFO - Exporting env vars: AIRFLOW_CTX_DAG_OWNER='***' AIRFLOW_CTX_DAG_ID='dag_train_model' AIRFLOW_CTX_TASK_ID='check_data_growth' AIRFLOW_CTX_EXECUTION_DATE='2025-03-04T16:00:00+00:00' AIRFLOW_CTX_TRY_NUMBER='1' AIRFLOW_CTX_DAG_RUN_ID='scheduled__2025-03-04T16:00:00+00:00'
[2025-03-04T16:30:01.724+0000] {logging_mixin.py:188} INFO - previous size 1912
[2025-03-04T16:30:01.725+0000] {logging_mixin.py:188} INFO - new size 1962
[2025-03-04T16:30:01.725+0000] {logging_mixin.py:188} INFO - interval50
[2025-03-04T16:30:01.728+0000] {crypto.py:82} WARNING - empty cryptography key - values will not be stored encrypted.
[2025-03-04T16:30:01.730+0000] {python.py:201} INFO - Done. Returned value was: process_data
[2025-03-04T16:30:01.730+0000] {branch.py:35} INFO - Branch into process_data
[2025-03-04T16:30:01.730+0000] {skipmixin.py:178} INFO - Following branch process_data
[2025-03-04T16:30:01.737+0000] {skipmixin.py:244} INFO - Skipping tasks [('skip_training', -1)]
[2025-03-04T16:30:01.758+0000] {taskinstance.py:1138} INFO - Marking task as SUCCESS. dag_id=dag_train_model, task_id=check_data_growth, execution_date=20250304T160000, start_date=20250304T163001, end_date=20250304T163001
[2025-03-04T16:30:01.772+0000] {local_task_job_runner.py:234} INFO - Task exited with return code 0
[2025-03-04T16:30:01.785+0000] {taskinstance.py:3280} INFO - 0 downstream tasks scheduled from follow-on schedule check
