[2025-03-04T15:30:41.862+0000] {taskinstance.py:1956} INFO - Dependencies all met for dep_context=non-requeueable deps ti=<TaskInstance: dag_ingest_data.add_new_data scheduled__2025-03-04T15:30:40+00:00 [queued]>
[2025-03-04T15:30:41.866+0000] {taskinstance.py:1956} INFO - Dependencies all met for dep_context=requeueable deps ti=<TaskInstance: dag_ingest_data.add_new_data scheduled__2025-03-04T15:30:40+00:00 [queued]>
[2025-03-04T15:30:41.866+0000] {taskinstance.py:2170} INFO - Starting attempt 1 of 2
[2025-03-04T15:30:41.872+0000] {taskinstance.py:2191} INFO - Executing <Task(PythonOperator): add_new_data> on 2025-03-04 15:30:40+00:00
[2025-03-04T15:30:41.874+0000] {standard_task_runner.py:60} INFO - Started process 12185 to run task
[2025-03-04T15:30:41.876+0000] {standard_task_runner.py:87} INFO - Running: ['***', 'tasks', 'run', 'dag_ingest_data', 'add_new_data', 'scheduled__2025-03-04T15:30:40+00:00', '--job-id', '703', '--raw', '--subdir', 'DAGS_FOLDER/dag_ingest_data.py', '--cfg-path', '/tmp/tmpiruvjjv_']
[2025-03-04T15:30:41.876+0000] {standard_task_runner.py:88} INFO - Job 703: Subtask add_new_data
[2025-03-04T15:30:41.882+0000] {warnings.py:109} WARNING - /home/***/.local/lib/python3.8/site-packages/***/settings.py:194: DeprecationWarning: The sql_alchemy_conn option in [core] has been moved to the sql_alchemy_conn option in [database] - the old setting has been used, but please update your config.
  SQL_ALCHEMY_CONN = conf.get("database", "SQL_ALCHEMY_CONN")

[2025-03-04T15:30:41.898+0000] {task_command.py:423} INFO - Running <TaskInstance: dag_ingest_data.add_new_data scheduled__2025-03-04T15:30:40+00:00 [running]> on host 6b693801eb18
[2025-03-04T15:30:41.935+0000] {taskinstance.py:2480} INFO - Exporting env vars: AIRFLOW_CTX_DAG_OWNER='***' AIRFLOW_CTX_DAG_ID='dag_ingest_data' AIRFLOW_CTX_TASK_ID='add_new_data' AIRFLOW_CTX_EXECUTION_DATE='2025-03-04T15:30:40+00:00' AIRFLOW_CTX_TRY_NUMBER='1' AIRFLOW_CTX_DAG_RUN_ID='scheduled__2025-03-04T15:30:40+00:00'
[2025-03-04T15:30:42.039+0000] {dag_ingest_data.py:36} INFO - Colonnes de df : Index(['image_path', 'description', 'prdtypecode'], dtype='object')
[2025-03-04T15:30:42.039+0000] {dag_ingest_data.py:37} INFO - Colonnes de df_unseen : Index(['image_path', 'description', 'prdtypecode'], dtype='object')
[2025-03-04T15:30:42.045+0000] {dag_ingest_data.py:41} INFO - Ajout de la ligne suivante à data :
                                              image_path  ...                      prdtypecode
19260  /workspace/data/raw/img/image_1032931215_produ...  ...  figurines to paint and assemble

[1 rows x 3 columns]
[2025-03-04T15:30:42.243+0000] {python.py:201} INFO - Done. Returned value was: None
[2025-03-04T15:30:42.248+0000] {taskinstance.py:1138} INFO - Marking task as SUCCESS. dag_id=dag_ingest_data, task_id=add_new_data, execution_date=20250304T153040, start_date=20250304T153041, end_date=20250304T153042
[2025-03-04T15:30:42.288+0000] {local_task_job_runner.py:234} INFO - Task exited with return code 0
[2025-03-04T15:30:42.295+0000] {taskinstance.py:3280} INFO - 0 downstream tasks scheduled from follow-on schedule check
