[2025-03-04T15:30:17.882+0000] {taskinstance.py:1956} INFO - Dependencies all met for dep_context=non-requeueable deps ti=<TaskInstance: dag_ingest_data.add_new_data scheduled__2025-03-04T15:30:16+00:00 [queued]>
[2025-03-04T15:30:17.885+0000] {taskinstance.py:1956} INFO - Dependencies all met for dep_context=requeueable deps ti=<TaskInstance: dag_ingest_data.add_new_data scheduled__2025-03-04T15:30:16+00:00 [queued]>
[2025-03-04T15:30:17.885+0000] {taskinstance.py:2170} INFO - Starting attempt 1 of 2
[2025-03-04T15:30:17.891+0000] {taskinstance.py:2191} INFO - Executing <Task(PythonOperator): add_new_data> on 2025-03-04 15:30:16+00:00
[2025-03-04T15:30:17.893+0000] {standard_task_runner.py:60} INFO - Started process 12104 to run task
[2025-03-04T15:30:17.894+0000] {standard_task_runner.py:87} INFO - Running: ['***', 'tasks', 'run', 'dag_ingest_data', 'add_new_data', 'scheduled__2025-03-04T15:30:16+00:00', '--job-id', '681', '--raw', '--subdir', 'DAGS_FOLDER/dag_ingest_data.py', '--cfg-path', '/tmp/tmps0f87fdy']
[2025-03-04T15:30:17.894+0000] {standard_task_runner.py:88} INFO - Job 681: Subtask add_new_data
[2025-03-04T15:30:17.899+0000] {warnings.py:109} WARNING - /home/***/.local/lib/python3.8/site-packages/***/settings.py:194: DeprecationWarning: The sql_alchemy_conn option in [core] has been moved to the sql_alchemy_conn option in [database] - the old setting has been used, but please update your config.
  SQL_ALCHEMY_CONN = conf.get("database", "SQL_ALCHEMY_CONN")

[2025-03-04T15:30:17.913+0000] {task_command.py:423} INFO - Running <TaskInstance: dag_ingest_data.add_new_data scheduled__2025-03-04T15:30:16+00:00 [running]> on host 6b693801eb18
[2025-03-04T15:30:17.942+0000] {taskinstance.py:2480} INFO - Exporting env vars: AIRFLOW_CTX_DAG_OWNER='***' AIRFLOW_CTX_DAG_ID='dag_ingest_data' AIRFLOW_CTX_TASK_ID='add_new_data' AIRFLOW_CTX_EXECUTION_DATE='2025-03-04T15:30:16+00:00' AIRFLOW_CTX_TRY_NUMBER='1' AIRFLOW_CTX_DAG_RUN_ID='scheduled__2025-03-04T15:30:16+00:00'
[2025-03-04T15:30:18.090+0000] {dag_ingest_data.py:36} INFO - Colonnes de df : Index(['image_path', 'description', 'prdtypecode'], dtype='object')
[2025-03-04T15:30:18.090+0000] {dag_ingest_data.py:37} INFO - Colonnes de df_unseen : Index(['image_path', 'description', 'prdtypecode'], dtype='object')
[2025-03-04T15:30:18.094+0000] {dag_ingest_data.py:41} INFO - Ajout de la ligne suivante à data :
                                              image_path  ... prdtypecode
19280  /workspace/data/raw/img/image_353120791_produc...  ...   figurines

[1 rows x 3 columns]
[2025-03-04T15:30:18.225+0000] {python.py:201} INFO - Done. Returned value was: None
[2025-03-04T15:30:18.229+0000] {taskinstance.py:1138} INFO - Marking task as SUCCESS. dag_id=dag_ingest_data, task_id=add_new_data, execution_date=20250304T153016, start_date=20250304T153017, end_date=20250304T153018
[2025-03-04T15:30:18.266+0000] {local_task_job_runner.py:234} INFO - Task exited with return code 0
[2025-03-04T15:30:18.279+0000] {taskinstance.py:3280} INFO - 0 downstream tasks scheduled from follow-on schedule check
