[2025-03-03T10:00:01.601+0000] {taskinstance.py:1956} INFO - Dependencies all met for dep_context=non-requeueable deps ti=<TaskInstance: dag_ingest_data.add_new_data scheduled__2025-03-03T09:30:59+00:00 [queued]>
[2025-03-03T10:00:01.605+0000] {taskinstance.py:1956} INFO - Dependencies all met for dep_context=requeueable deps ti=<TaskInstance: dag_ingest_data.add_new_data scheduled__2025-03-03T09:30:59+00:00 [queued]>
[2025-03-03T10:00:01.605+0000] {taskinstance.py:2170} INFO - Starting attempt 1 of 2
[2025-03-03T10:00:01.612+0000] {taskinstance.py:2191} INFO - Executing <Task(PythonOperator): add_new_data> on 2025-03-03 09:30:59+00:00
[2025-03-03T10:00:01.615+0000] {standard_task_runner.py:60} INFO - Started process 5015 to run task
[2025-03-03T10:00:01.616+0000] {standard_task_runner.py:87} INFO - Running: ['***', 'tasks', 'run', 'dag_ingest_data', 'add_new_data', 'scheduled__2025-03-03T09:30:59+00:00', '--job-id', '147', '--raw', '--subdir', 'DAGS_FOLDER/dag_ingest_data.py', '--cfg-path', '/tmp/tmpplaa94ah']
[2025-03-03T10:00:01.617+0000] {standard_task_runner.py:88} INFO - Job 147: Subtask add_new_data
[2025-03-03T10:00:01.622+0000] {warnings.py:109} WARNING - /home/***/.local/lib/python3.8/site-packages/***/settings.py:194: DeprecationWarning: The sql_alchemy_conn option in [core] has been moved to the sql_alchemy_conn option in [database] - the old setting has been used, but please update your config.
  SQL_ALCHEMY_CONN = conf.get("database", "SQL_ALCHEMY_CONN")

[2025-03-03T10:00:01.635+0000] {task_command.py:423} INFO - Running <TaskInstance: dag_ingest_data.add_new_data scheduled__2025-03-03T09:30:59+00:00 [running]> on host 87f967beecb5
[2025-03-03T10:00:01.668+0000] {taskinstance.py:2480} INFO - Exporting env vars: AIRFLOW_CTX_DAG_OWNER='***' AIRFLOW_CTX_DAG_ID='dag_ingest_data' AIRFLOW_CTX_TASK_ID='add_new_data' AIRFLOW_CTX_EXECUTION_DATE='2025-03-03T09:30:59+00:00' AIRFLOW_CTX_TRY_NUMBER='1' AIRFLOW_CTX_DAG_RUN_ID='scheduled__2025-03-03T09:30:59+00:00'
[2025-03-03T10:00:02.091+0000] {logging_mixin.py:188} INFO - Ajout de la ligne suivante à data :
image_path     /workspace/data/raw/img/image_1155972515_produ...
description    Yu-Gi-Oh! - Cibr-Frse1 - Dragon Étincelles Chr...
prdtypecode                                   trading card games
Name: 83217, dtype: object
[2025-03-03T10:00:02.861+0000] {logging_mixin.py:188} INFO - Nouvelle taille du fichier data : 1701
[2025-03-03T10:00:02.871+0000] {python.py:201} INFO - Done. Returned value was: None
[2025-03-03T10:00:02.876+0000] {taskinstance.py:1138} INFO - Marking task as SUCCESS. dag_id=dag_ingest_data, task_id=add_new_data, execution_date=20250303T093059, start_date=20250303T100001, end_date=20250303T100002
[2025-03-03T10:00:02.971+0000] {local_task_job_runner.py:234} INFO - Task exited with return code 0
[2025-03-03T10:00:02.982+0000] {taskinstance.py:3280} INFO - 0 downstream tasks scheduled from follow-on schedule check
