[2025-03-03T10:30:21.241+0000] {taskinstance.py:1956} INFO - Dependencies all met for dep_context=non-requeueable deps ti=<TaskInstance: dag_ingest_data.add_new_data scheduled__2025-03-03T10:30:19+00:00 [queued]>
[2025-03-03T10:30:21.246+0000] {taskinstance.py:1956} INFO - Dependencies all met for dep_context=requeueable deps ti=<TaskInstance: dag_ingest_data.add_new_data scheduled__2025-03-03T10:30:19+00:00 [queued]>
[2025-03-03T10:30:21.246+0000] {taskinstance.py:2170} INFO - Starting attempt 1 of 2
[2025-03-03T10:30:21.253+0000] {taskinstance.py:2191} INFO - Executing <Task(PythonOperator): add_new_data> on 2025-03-03 10:30:19+00:00
[2025-03-03T10:30:21.256+0000] {standard_task_runner.py:60} INFO - Started process 6494 to run task
[2025-03-03T10:30:21.257+0000] {standard_task_runner.py:87} INFO - Running: ['***', 'tasks', 'run', 'dag_ingest_data', 'add_new_data', 'scheduled__2025-03-03T10:30:19+00:00', '--job-id', '227', '--raw', '--subdir', 'DAGS_FOLDER/dag_ingest_data.py', '--cfg-path', '/tmp/tmp_4rj2593']
[2025-03-03T10:30:21.258+0000] {standard_task_runner.py:88} INFO - Job 227: Subtask add_new_data
[2025-03-03T10:30:21.265+0000] {warnings.py:109} WARNING - /home/***/.local/lib/python3.8/site-packages/***/settings.py:194: DeprecationWarning: The sql_alchemy_conn option in [core] has been moved to the sql_alchemy_conn option in [database] - the old setting has been used, but please update your config.
  SQL_ALCHEMY_CONN = conf.get("database", "SQL_ALCHEMY_CONN")

[2025-03-03T10:30:21.281+0000] {task_command.py:423} INFO - Running <TaskInstance: dag_ingest_data.add_new_data scheduled__2025-03-03T10:30:19+00:00 [running]> on host 87f967beecb5
[2025-03-03T10:30:21.320+0000] {taskinstance.py:2480} INFO - Exporting env vars: AIRFLOW_CTX_DAG_OWNER='***' AIRFLOW_CTX_DAG_ID='dag_ingest_data' AIRFLOW_CTX_TASK_ID='add_new_data' AIRFLOW_CTX_EXECUTION_DATE='2025-03-03T10:30:19+00:00' AIRFLOW_CTX_TRY_NUMBER='1' AIRFLOW_CTX_DAG_RUN_ID='scheduled__2025-03-03T10:30:19+00:00'
[2025-03-03T10:30:21.682+0000] {dag_ingest_data.py:38} INFO - Ajout de la ligne suivante à data :
image_path     /workspace/data/raw/img/image_1275701849_produ...
description    Nouveau Coton Boue Puff Slime Putty Parfumée S...
prdtypecode                                     children's games
Name: 62032, dtype: object
[2025-03-03T10:30:22.277+0000] {dag_ingest_data.py:53} INFO - Nouvelle taille du fichier data : 1740
[2025-03-03T10:30:22.282+0000] {python.py:201} INFO - Done. Returned value was: None
[2025-03-03T10:30:22.288+0000] {taskinstance.py:1138} INFO - Marking task as SUCCESS. dag_id=dag_ingest_data, task_id=add_new_data, execution_date=20250303T103019, start_date=20250303T103021, end_date=20250303T103022
[2025-03-03T10:30:22.391+0000] {local_task_job_runner.py:234} INFO - Task exited with return code 0
[2025-03-03T10:30:22.407+0000] {taskinstance.py:3280} INFO - 0 downstream tasks scheduled from follow-on schedule check
