[2025-03-04T16:30:42.399+0000] {taskinstance.py:1956} INFO - Dependencies all met for dep_context=non-requeueable deps ti=<TaskInstance: dag_ingest_data.add_new_data scheduled__2025-03-04T16:30:40+00:00 [queued]>
[2025-03-04T16:30:42.405+0000] {taskinstance.py:1956} INFO - Dependencies all met for dep_context=requeueable deps ti=<TaskInstance: dag_ingest_data.add_new_data scheduled__2025-03-04T16:30:40+00:00 [queued]>
[2025-03-04T16:30:42.405+0000] {taskinstance.py:2170} INFO - Starting attempt 1 of 2
[2025-03-04T16:30:42.415+0000] {taskinstance.py:2191} INFO - Executing <Task(PythonOperator): add_new_data> on 2025-03-04 16:30:40+00:00
[2025-03-04T16:30:42.419+0000] {standard_task_runner.py:60} INFO - Started process 14830 to run task
[2025-03-04T16:30:42.421+0000] {standard_task_runner.py:87} INFO - Running: ['***', 'tasks', 'run', 'dag_ingest_data', 'add_new_data', 'scheduled__2025-03-04T16:30:40+00:00', '--job-id', '821', '--raw', '--subdir', 'DAGS_FOLDER/dag_ingest_data.py', '--cfg-path', '/tmp/tmpyza_fb0u']
[2025-03-04T16:30:42.422+0000] {standard_task_runner.py:88} INFO - Job 821: Subtask add_new_data
[2025-03-04T16:30:42.430+0000] {warnings.py:109} WARNING - /home/***/.local/lib/python3.8/site-packages/***/settings.py:194: DeprecationWarning: The sql_alchemy_conn option in [core] has been moved to the sql_alchemy_conn option in [database] - the old setting has been used, but please update your config.
  SQL_ALCHEMY_CONN = conf.get("database", "SQL_ALCHEMY_CONN")

[2025-03-04T16:30:42.453+0000] {task_command.py:423} INFO - Running <TaskInstance: dag_ingest_data.add_new_data scheduled__2025-03-04T16:30:40+00:00 [running]> on host 6b693801eb18
[2025-03-04T16:30:42.519+0000] {taskinstance.py:2480} INFO - Exporting env vars: AIRFLOW_CTX_DAG_OWNER='***' AIRFLOW_CTX_DAG_ID='dag_ingest_data' AIRFLOW_CTX_TASK_ID='add_new_data' AIRFLOW_CTX_EXECUTION_DATE='2025-03-04T16:30:40+00:00' AIRFLOW_CTX_TRY_NUMBER='1' AIRFLOW_CTX_DAG_RUN_ID='scheduled__2025-03-04T16:30:40+00:00'
[2025-03-04T16:30:42.639+0000] {dag_ingest_data.py:36} INFO - Colonnes de df : Index(['image_path', 'description', 'prdtypecode'], dtype='object')
[2025-03-04T16:30:42.639+0000] {dag_ingest_data.py:37} INFO - Colonnes de df_unseen : Index(['image_path', 'description', 'prdtypecode'], dtype='object')
[2025-03-04T16:30:42.643+0000] {dag_ingest_data.py:41} INFO - Ajout de la ligne suivante à data :
                                              image_path  ...         prdtypecode
19161  /workspace/data/raw/img/image_896071937_produc...  ...  foreign literature

[1 rows x 3 columns]
[2025-03-04T16:30:42.813+0000] {python.py:201} INFO - Done. Returned value was: None
[2025-03-04T16:30:42.818+0000] {taskinstance.py:1138} INFO - Marking task as SUCCESS. dag_id=dag_ingest_data, task_id=add_new_data, execution_date=20250304T163040, start_date=20250304T163042, end_date=20250304T163042
[2025-03-04T16:30:42.833+0000] {local_task_job_runner.py:234} INFO - Task exited with return code 0
[2025-03-04T16:30:42.840+0000] {taskinstance.py:3280} INFO - 0 downstream tasks scheduled from follow-on schedule check
