[2025-03-04T17:00:20.722+0000] {taskinstance.py:1956} INFO - Dependencies all met for dep_context=non-requeueable deps ti=<TaskInstance: dag_ingest_data.add_new_data scheduled__2025-03-04T17:00:16+00:00 [queued]>
[2025-03-04T17:00:20.733+0000] {taskinstance.py:1956} INFO - Dependencies all met for dep_context=requeueable deps ti=<TaskInstance: dag_ingest_data.add_new_data scheduled__2025-03-04T17:00:16+00:00 [queued]>
[2025-03-04T17:00:20.733+0000] {taskinstance.py:2170} INFO - Starting attempt 1 of 2
[2025-03-04T17:00:20.751+0000] {taskinstance.py:2191} INFO - Executing <Task(PythonOperator): add_new_data> on 2025-03-04 17:00:16+00:00
[2025-03-04T17:00:20.756+0000] {standard_task_runner.py:60} INFO - Started process 15946 to run task
[2025-03-04T17:00:20.759+0000] {standard_task_runner.py:87} INFO - Running: ['***', 'tasks', 'run', 'dag_ingest_data', 'add_new_data', 'scheduled__2025-03-04T17:00:16+00:00', '--job-id', '856', '--raw', '--subdir', 'DAGS_FOLDER/dag_ingest_data.py', '--cfg-path', '/tmp/tmp6bwsuu_z']
[2025-03-04T17:00:20.760+0000] {standard_task_runner.py:88} INFO - Job 856: Subtask add_new_data
[2025-03-04T17:00:20.773+0000] {warnings.py:109} WARNING - /home/***/.local/lib/python3.8/site-packages/***/settings.py:194: DeprecationWarning: The sql_alchemy_conn option in [core] has been moved to the sql_alchemy_conn option in [database] - the old setting has been used, but please update your config.
  SQL_ALCHEMY_CONN = conf.get("database", "SQL_ALCHEMY_CONN")

[2025-03-04T17:00:20.812+0000] {task_command.py:423} INFO - Running <TaskInstance: dag_ingest_data.add_new_data scheduled__2025-03-04T17:00:16+00:00 [running]> on host 6b693801eb18
[2025-03-04T17:00:20.913+0000] {taskinstance.py:2480} INFO - Exporting env vars: AIRFLOW_CTX_DAG_OWNER='***' AIRFLOW_CTX_DAG_ID='dag_ingest_data' AIRFLOW_CTX_TASK_ID='add_new_data' AIRFLOW_CTX_EXECUTION_DATE='2025-03-04T17:00:16+00:00' AIRFLOW_CTX_TRY_NUMBER='1' AIRFLOW_CTX_DAG_RUN_ID='scheduled__2025-03-04T17:00:16+00:00'
[2025-03-04T17:00:21.136+0000] {dag_ingest_data.py:36} INFO - Colonnes de df : Index(['image_path', 'description', 'prdtypecode'], dtype='object')
[2025-03-04T17:00:21.136+0000] {dag_ingest_data.py:37} INFO - Colonnes de df_unseen : Index(['image_path', 'description', 'prdtypecode'], dtype='object')
[2025-03-04T17:00:21.141+0000] {dag_ingest_data.py:41} INFO - Ajout de la ligne suivante à data :
                                              image_path  ...                       prdtypecode
19133  /workspace/data/raw/img/image_1316511034_produ...  ...  home accessories and decorations

[1 rows x 3 columns]
[2025-03-04T17:00:21.365+0000] {python.py:201} INFO - Done. Returned value was: None
[2025-03-04T17:00:21.372+0000] {taskinstance.py:1138} INFO - Marking task as SUCCESS. dag_id=dag_ingest_data, task_id=add_new_data, execution_date=20250304T170016, start_date=20250304T170020, end_date=20250304T170021
[2025-03-04T17:00:21.385+0000] {local_task_job_runner.py:234} INFO - Task exited with return code 0
[2025-03-04T17:00:21.395+0000] {taskinstance.py:3280} INFO - 0 downstream tasks scheduled from follow-on schedule check
