[2025-03-04T16:00:21.934+0000] {taskinstance.py:1956} INFO - Dependencies all met for dep_context=non-requeueable deps ti=<TaskInstance: dag_ingest_data.add_new_data scheduled__2025-03-04T16:00:20+00:00 [queued]>
[2025-03-04T16:00:21.937+0000] {taskinstance.py:1956} INFO - Dependencies all met for dep_context=requeueable deps ti=<TaskInstance: dag_ingest_data.add_new_data scheduled__2025-03-04T16:00:20+00:00 [queued]>
[2025-03-04T16:00:21.937+0000] {taskinstance.py:2170} INFO - Starting attempt 1 of 2
[2025-03-04T16:00:21.943+0000] {taskinstance.py:2191} INFO - Executing <Task(PythonOperator): add_new_data> on 2025-03-04 16:00:20+00:00
[2025-03-04T16:00:21.945+0000] {standard_task_runner.py:60} INFO - Started process 13475 to run task
[2025-03-04T16:00:21.947+0000] {standard_task_runner.py:87} INFO - Running: ['***', 'tasks', 'run', 'dag_ingest_data', 'add_new_data', 'scheduled__2025-03-04T16:00:20+00:00', '--job-id', '742', '--raw', '--subdir', 'DAGS_FOLDER/dag_ingest_data.py', '--cfg-path', '/tmp/tmp30a8o6b3']
[2025-03-04T16:00:21.947+0000] {standard_task_runner.py:88} INFO - Job 742: Subtask add_new_data
[2025-03-04T16:00:21.952+0000] {warnings.py:109} WARNING - /home/***/.local/lib/python3.8/site-packages/***/settings.py:194: DeprecationWarning: The sql_alchemy_conn option in [core] has been moved to the sql_alchemy_conn option in [database] - the old setting has been used, but please update your config.
  SQL_ALCHEMY_CONN = conf.get("database", "SQL_ALCHEMY_CONN")

[2025-03-04T16:00:21.964+0000] {task_command.py:423} INFO - Running <TaskInstance: dag_ingest_data.add_new_data scheduled__2025-03-04T16:00:20+00:00 [running]> on host 6b693801eb18
[2025-03-04T16:00:21.993+0000] {taskinstance.py:2480} INFO - Exporting env vars: AIRFLOW_CTX_DAG_OWNER='***' AIRFLOW_CTX_DAG_ID='dag_ingest_data' AIRFLOW_CTX_TASK_ID='add_new_data' AIRFLOW_CTX_EXECUTION_DATE='2025-03-04T16:00:20+00:00' AIRFLOW_CTX_TRY_NUMBER='1' AIRFLOW_CTX_DAG_RUN_ID='scheduled__2025-03-04T16:00:20+00:00'
[2025-03-04T16:00:22.088+0000] {dag_ingest_data.py:36} INFO - Colonnes de df : Index(['image_path', 'description', 'prdtypecode'], dtype='object')
[2025-03-04T16:00:22.088+0000] {dag_ingest_data.py:37} INFO - Colonnes de df_unseen : Index(['image_path', 'description', 'prdtypecode'], dtype='object')
[2025-03-04T16:00:22.093+0000] {dag_ingest_data.py:41} INFO - Ajout de la ligne suivante à data :
                                              image_path  ...                       prdtypecode
19225  /workspace/data/raw/img/image_1311470892_produ...  ...  home accessories and decorations

[1 rows x 3 columns]
[2025-03-04T16:00:22.238+0000] {python.py:201} INFO - Done. Returned value was: None
[2025-03-04T16:00:22.243+0000] {taskinstance.py:1138} INFO - Marking task as SUCCESS. dag_id=dag_ingest_data, task_id=add_new_data, execution_date=20250304T160020, start_date=20250304T160021, end_date=20250304T160022
[2025-03-04T16:00:22.278+0000] {local_task_job_runner.py:234} INFO - Task exited with return code 0
[2025-03-04T16:00:22.288+0000] {taskinstance.py:3280} INFO - 0 downstream tasks scheduled from follow-on schedule check
