[2025-03-03T10:30:08.385+0000] {taskinstance.py:1956} INFO - Dependencies all met for dep_context=non-requeueable deps ti=<TaskInstance: dag_ingest_data.add_new_data scheduled__2025-03-03T10:30:05+00:00 [queued]>
[2025-03-03T10:30:08.389+0000] {taskinstance.py:1956} INFO - Dependencies all met for dep_context=requeueable deps ti=<TaskInstance: dag_ingest_data.add_new_data scheduled__2025-03-03T10:30:05+00:00 [queued]>
[2025-03-03T10:30:08.389+0000] {taskinstance.py:2170} INFO - Starting attempt 1 of 2
[2025-03-03T10:30:08.396+0000] {taskinstance.py:2191} INFO - Executing <Task(PythonOperator): add_new_data> on 2025-03-03 10:30:05+00:00
[2025-03-03T10:30:08.399+0000] {standard_task_runner.py:60} INFO - Started process 6447 to run task
[2025-03-03T10:30:08.401+0000] {standard_task_runner.py:87} INFO - Running: ['***', 'tasks', 'run', 'dag_ingest_data', 'add_new_data', 'scheduled__2025-03-03T10:30:05+00:00', '--job-id', '213', '--raw', '--subdir', 'DAGS_FOLDER/dag_ingest_data.py', '--cfg-path', '/tmp/tmpjee68pgt']
[2025-03-03T10:30:08.401+0000] {standard_task_runner.py:88} INFO - Job 213: Subtask add_new_data
[2025-03-03T10:30:08.408+0000] {warnings.py:109} WARNING - /home/***/.local/lib/python3.8/site-packages/***/settings.py:194: DeprecationWarning: The sql_alchemy_conn option in [core] has been moved to the sql_alchemy_conn option in [database] - the old setting has been used, but please update your config.
  SQL_ALCHEMY_CONN = conf.get("database", "SQL_ALCHEMY_CONN")

[2025-03-03T10:30:08.426+0000] {task_command.py:423} INFO - Running <TaskInstance: dag_ingest_data.add_new_data scheduled__2025-03-03T10:30:05+00:00 [running]> on host 87f967beecb5
[2025-03-03T10:30:08.467+0000] {taskinstance.py:2480} INFO - Exporting env vars: AIRFLOW_CTX_DAG_OWNER='***' AIRFLOW_CTX_DAG_ID='dag_ingest_data' AIRFLOW_CTX_TASK_ID='add_new_data' AIRFLOW_CTX_EXECUTION_DATE='2025-03-03T10:30:05+00:00' AIRFLOW_CTX_TRY_NUMBER='1' AIRFLOW_CTX_DAG_RUN_ID='scheduled__2025-03-03T10:30:05+00:00'
[2025-03-03T10:30:08.944+0000] {dag_ingest_data.py:38} INFO - Ajout de la ligne suivante à data :
image_path     /workspace/data/raw/img/image_1124787772_produ...
description    Fiches Éditions Atlas Sur L'ile De Corfou (4) ...
prdtypecode                                    literature series
Name: 83213, dtype: object
[2025-03-03T10:30:09.688+0000] {dag_ingest_data.py:53} INFO - Nouvelle taille du fichier data : 1713
[2025-03-03T10:30:09.696+0000] {python.py:201} INFO - Done. Returned value was: None
[2025-03-03T10:30:09.701+0000] {taskinstance.py:1138} INFO - Marking task as SUCCESS. dag_id=dag_ingest_data, task_id=add_new_data, execution_date=20250303T103005, start_date=20250303T103008, end_date=20250303T103009
[2025-03-03T10:30:09.747+0000] {local_task_job_runner.py:234} INFO - Task exited with return code 0
[2025-03-03T10:30:09.757+0000] {taskinstance.py:3280} INFO - 0 downstream tasks scheduled from follow-on schedule check
