[2025-03-03T09:38:34.008+0000] {taskinstance.py:1956} INFO - Dependencies all met for dep_context=non-requeueable deps ti=<TaskInstance: dag_ingest_data.add_new_data manual__2025-03-03T09:38:32.903734+00:00 [queued]>
[2025-03-03T09:38:34.011+0000] {taskinstance.py:1956} INFO - Dependencies all met for dep_context=requeueable deps ti=<TaskInstance: dag_ingest_data.add_new_data manual__2025-03-03T09:38:32.903734+00:00 [queued]>
[2025-03-03T09:38:34.011+0000] {taskinstance.py:2170} INFO - Starting attempt 1 of 2
[2025-03-03T09:38:34.018+0000] {taskinstance.py:2191} INFO - Executing <Task(PythonOperator): add_new_data> on 2025-03-03 09:38:32.903734+00:00
[2025-03-03T09:38:34.021+0000] {standard_task_runner.py:60} INFO - Started process 4057 to run task
[2025-03-03T09:38:34.022+0000] {standard_task_runner.py:87} INFO - Running: ['***', 'tasks', 'run', 'dag_ingest_data', 'add_new_data', 'manual__2025-03-03T09:38:32.903734+00:00', '--job-id', '145', '--raw', '--subdir', 'DAGS_FOLDER/dag_ingest_data.py', '--cfg-path', '/tmp/tmpee4oghqv']
[2025-03-03T09:38:34.023+0000] {standard_task_runner.py:88} INFO - Job 145: Subtask add_new_data
[2025-03-03T09:38:34.034+0000] {warnings.py:109} WARNING - /home/***/.local/lib/python3.8/site-packages/***/settings.py:194: DeprecationWarning: The sql_alchemy_conn option in [core] has been moved to the sql_alchemy_conn option in [database] - the old setting has been used, but please update your config.
  SQL_ALCHEMY_CONN = conf.get("database", "SQL_ALCHEMY_CONN")

[2025-03-03T09:38:34.067+0000] {task_command.py:423} INFO - Running <TaskInstance: dag_ingest_data.add_new_data manual__2025-03-03T09:38:32.903734+00:00 [running]> on host 87f967beecb5
[2025-03-03T09:38:34.186+0000] {taskinstance.py:2480} INFO - Exporting env vars: AIRFLOW_CTX_DAG_OWNER='***' AIRFLOW_CTX_DAG_ID='dag_ingest_data' AIRFLOW_CTX_TASK_ID='add_new_data' AIRFLOW_CTX_EXECUTION_DATE='2025-03-03T09:38:32.903734+00:00' AIRFLOW_CTX_TRY_NUMBER='1' AIRFLOW_CTX_DAG_RUN_ID='manual__2025-03-03T09:38:32.903734+00:00'
[2025-03-03T09:38:34.225+0000] {logging_mixin.py:188} INFO - image_path                    NaN
description                   NaN
prdtypecode                   NaN
0              trading card games
Name: 1700, dtype: object
[2025-03-03T09:38:34.332+0000] {python.py:201} INFO - Done. Returned value was: None
[2025-03-03T09:38:34.345+0000] {taskinstance.py:1138} INFO - Marking task as SUCCESS. dag_id=dag_ingest_data, task_id=add_new_data, execution_date=20250303T093832, start_date=20250303T093834, end_date=20250303T093834
[2025-03-03T09:38:34.485+0000] {local_task_job_runner.py:234} INFO - Task exited with return code 0
[2025-03-03T09:38:34.586+0000] {taskinstance.py:3280} INFO - 0 downstream tasks scheduled from follow-on schedule check
