[2025-03-03T10:30:32.320+0000] {taskinstance.py:1956} INFO - Dependencies all met for dep_context=non-requeueable deps ti=<TaskInstance: dag_ingest_data.add_new_data scheduled__2025-03-03T10:30:29+00:00 [queued]>
[2025-03-03T10:30:32.325+0000] {taskinstance.py:1956} INFO - Dependencies all met for dep_context=requeueable deps ti=<TaskInstance: dag_ingest_data.add_new_data scheduled__2025-03-03T10:30:29+00:00 [queued]>
[2025-03-03T10:30:32.326+0000] {taskinstance.py:2170} INFO - Starting attempt 1 of 2
[2025-03-03T10:30:32.335+0000] {taskinstance.py:2191} INFO - Executing <Task(PythonOperator): add_new_data> on 2025-03-03 10:30:29+00:00
[2025-03-03T10:30:32.339+0000] {standard_task_runner.py:60} INFO - Started process 6539 to run task
[2025-03-03T10:30:32.341+0000] {standard_task_runner.py:87} INFO - Running: ['***', 'tasks', 'run', 'dag_ingest_data', 'add_new_data', 'scheduled__2025-03-03T10:30:29+00:00', '--job-id', '238', '--raw', '--subdir', 'DAGS_FOLDER/dag_ingest_data.py', '--cfg-path', '/tmp/tmpr01iwajh']
[2025-03-03T10:30:32.341+0000] {standard_task_runner.py:88} INFO - Job 238: Subtask add_new_data
[2025-03-03T10:30:32.349+0000] {warnings.py:109} WARNING - /home/***/.local/lib/python3.8/site-packages/***/settings.py:194: DeprecationWarning: The sql_alchemy_conn option in [core] has been moved to the sql_alchemy_conn option in [database] - the old setting has been used, but please update your config.
  SQL_ALCHEMY_CONN = conf.get("database", "SQL_ALCHEMY_CONN")

[2025-03-03T10:30:32.370+0000] {task_command.py:423} INFO - Running <TaskInstance: dag_ingest_data.add_new_data scheduled__2025-03-03T10:30:29+00:00 [running]> on host 87f967beecb5
[2025-03-03T10:30:32.413+0000] {taskinstance.py:2480} INFO - Exporting env vars: AIRFLOW_CTX_DAG_OWNER='***' AIRFLOW_CTX_DAG_ID='dag_ingest_data' AIRFLOW_CTX_TASK_ID='add_new_data' AIRFLOW_CTX_EXECUTION_DATE='2025-03-03T10:30:29+00:00' AIRFLOW_CTX_TRY_NUMBER='1' AIRFLOW_CTX_DAG_RUN_ID='scheduled__2025-03-03T10:30:29+00:00'
[2025-03-03T10:30:32.683+0000] {dag_ingest_data.py:38} INFO - Ajout de la ligne suivante à data :
image_path     /workspace/data/raw/img/image_1121068345_produ...
description         Protection En Silicone Pour Nintendo Switch 
prdtypecode                                   gaming accessories
Name: 45650, dtype: object
[2025-03-03T10:30:33.089+0000] {dag_ingest_data.py:53} INFO - Nouvelle taille du fichier data : 1758
[2025-03-03T10:30:33.093+0000] {python.py:201} INFO - Done. Returned value was: None
[2025-03-03T10:30:33.098+0000] {taskinstance.py:1138} INFO - Marking task as SUCCESS. dag_id=dag_ingest_data, task_id=add_new_data, execution_date=20250303T103029, start_date=20250303T103032, end_date=20250303T103033
[2025-03-03T10:30:33.130+0000] {local_task_job_runner.py:234} INFO - Task exited with return code 0
[2025-03-03T10:30:33.140+0000] {taskinstance.py:3280} INFO - 0 downstream tasks scheduled from follow-on schedule check
