[2025-03-04T15:30:05.968+0000] {taskinstance.py:1956} INFO - Dependencies all met for dep_context=non-requeueable deps ti=<TaskInstance: dag_ingest_data.add_new_data scheduled__2025-03-04T15:30:04+00:00 [queued]>
[2025-03-04T15:30:05.971+0000] {taskinstance.py:1956} INFO - Dependencies all met for dep_context=requeueable deps ti=<TaskInstance: dag_ingest_data.add_new_data scheduled__2025-03-04T15:30:04+00:00 [queued]>
[2025-03-04T15:30:05.971+0000] {taskinstance.py:2170} INFO - Starting attempt 1 of 2
[2025-03-04T15:30:05.977+0000] {taskinstance.py:2191} INFO - Executing <Task(PythonOperator): add_new_data> on 2025-03-04 15:30:04+00:00
[2025-03-04T15:30:05.980+0000] {standard_task_runner.py:60} INFO - Started process 12060 to run task
[2025-03-04T15:30:05.982+0000] {standard_task_runner.py:87} INFO - Running: ['***', 'tasks', 'run', 'dag_ingest_data', 'add_new_data', 'scheduled__2025-03-04T15:30:04+00:00', '--job-id', '669', '--raw', '--subdir', 'DAGS_FOLDER/dag_ingest_data.py', '--cfg-path', '/tmp/tmp4bqzz79i']
[2025-03-04T15:30:05.983+0000] {standard_task_runner.py:88} INFO - Job 669: Subtask add_new_data
[2025-03-04T15:30:05.990+0000] {warnings.py:109} WARNING - /home/***/.local/lib/python3.8/site-packages/***/settings.py:194: DeprecationWarning: The sql_alchemy_conn option in [core] has been moved to the sql_alchemy_conn option in [database] - the old setting has been used, but please update your config.
  SQL_ALCHEMY_CONN = conf.get("database", "SQL_ALCHEMY_CONN")

[2025-03-04T15:30:06.010+0000] {task_command.py:423} INFO - Running <TaskInstance: dag_ingest_data.add_new_data scheduled__2025-03-04T15:30:04+00:00 [running]> on host 6b693801eb18
[2025-03-04T15:30:06.045+0000] {taskinstance.py:2480} INFO - Exporting env vars: AIRFLOW_CTX_DAG_OWNER='***' AIRFLOW_CTX_DAG_ID='dag_ingest_data' AIRFLOW_CTX_TASK_ID='add_new_data' AIRFLOW_CTX_EXECUTION_DATE='2025-03-04T15:30:04+00:00' AIRFLOW_CTX_TRY_NUMBER='1' AIRFLOW_CTX_DAG_RUN_ID='scheduled__2025-03-04T15:30:04+00:00'
[2025-03-04T15:30:06.144+0000] {dag_ingest_data.py:36} INFO - Colonnes de df : Index(['image_path', 'description', 'prdtypecode'], dtype='object')
[2025-03-04T15:30:06.145+0000] {dag_ingest_data.py:37} INFO - Colonnes de df_unseen : Index(['image_path', 'description', 'prdtypecode'], dtype='object')
[2025-03-04T15:30:06.149+0000] {dag_ingest_data.py:41} INFO - Ajout de la ligne suivante à data :
                                              image_path  ...                      prdtypecode
19292  /workspace/data/raw/img/image_1267277299_produ...  ...  home furnishings and decoration

[1 rows x 3 columns]
[2025-03-04T15:30:06.293+0000] {python.py:201} INFO - Done. Returned value was: None
[2025-03-04T15:30:06.298+0000] {taskinstance.py:1138} INFO - Marking task as SUCCESS. dag_id=dag_ingest_data, task_id=add_new_data, execution_date=20250304T153004, start_date=20250304T153005, end_date=20250304T153006
[2025-03-04T15:30:06.314+0000] {local_task_job_runner.py:234} INFO - Task exited with return code 0
[2025-03-04T15:30:06.321+0000] {taskinstance.py:3280} INFO - 0 downstream tasks scheduled from follow-on schedule check
