[2025-03-03T10:30:08.968+0000] {taskinstance.py:1956} INFO - Dependencies all met for dep_context=non-requeueable deps ti=<TaskInstance: dag_ingest_data.add_new_data scheduled__2025-03-03T10:30:07+00:00 [queued]>
[2025-03-03T10:30:08.972+0000] {taskinstance.py:1956} INFO - Dependencies all met for dep_context=requeueable deps ti=<TaskInstance: dag_ingest_data.add_new_data scheduled__2025-03-03T10:30:07+00:00 [queued]>
[2025-03-03T10:30:08.972+0000] {taskinstance.py:2170} INFO - Starting attempt 1 of 2
[2025-03-03T10:30:08.979+0000] {taskinstance.py:2191} INFO - Executing <Task(PythonOperator): add_new_data> on 2025-03-03 10:30:07+00:00
[2025-03-03T10:30:08.983+0000] {standard_task_runner.py:60} INFO - Started process 6450 to run task
[2025-03-03T10:30:08.984+0000] {standard_task_runner.py:87} INFO - Running: ['***', 'tasks', 'run', 'dag_ingest_data', 'add_new_data', 'scheduled__2025-03-03T10:30:07+00:00', '--job-id', '215', '--raw', '--subdir', 'DAGS_FOLDER/dag_ingest_data.py', '--cfg-path', '/tmp/tmpl_d56j6v']
[2025-03-03T10:30:08.985+0000] {standard_task_runner.py:88} INFO - Job 215: Subtask add_new_data
[2025-03-03T10:30:08.991+0000] {warnings.py:109} WARNING - /home/***/.local/lib/python3.8/site-packages/***/settings.py:194: DeprecationWarning: The sql_alchemy_conn option in [core] has been moved to the sql_alchemy_conn option in [database] - the old setting has been used, but please update your config.
  SQL_ALCHEMY_CONN = conf.get("database", "SQL_ALCHEMY_CONN")

[2025-03-03T10:30:09.008+0000] {task_command.py:423} INFO - Running <TaskInstance: dag_ingest_data.add_new_data scheduled__2025-03-03T10:30:07+00:00 [running]> on host 87f967beecb5
[2025-03-03T10:30:09.047+0000] {taskinstance.py:2480} INFO - Exporting env vars: AIRFLOW_CTX_DAG_OWNER='***' AIRFLOW_CTX_DAG_ID='dag_ingest_data' AIRFLOW_CTX_TASK_ID='add_new_data' AIRFLOW_CTX_EXECUTION_DATE='2025-03-03T10:30:07+00:00' AIRFLOW_CTX_TRY_NUMBER='1' AIRFLOW_CTX_DAG_RUN_ID='scheduled__2025-03-03T10:30:07+00:00'
[2025-03-03T10:30:09.126+0000] {dag_ingest_data.py:38} INFO - Ajout de la ligne suivante à data :
image_path     /workspace/data/raw/img/image_557602758_produc...
description     Taille Crayon En Métal Vieillie (Machine À Sou) 
prdtypecode                                           stationery
Name: 10574, dtype: object
[2025-03-03T10:30:09.238+0000] {dag_ingest_data.py:53} INFO - Nouvelle taille du fichier data : 1716
[2025-03-03T10:30:09.239+0000] {python.py:201} INFO - Done. Returned value was: None
[2025-03-03T10:30:09.255+0000] {taskinstance.py:1138} INFO - Marking task as SUCCESS. dag_id=dag_ingest_data, task_id=add_new_data, execution_date=20250303T103007, start_date=20250303T103008, end_date=20250303T103009
[2025-03-03T10:30:09.280+0000] {local_task_job_runner.py:234} INFO - Task exited with return code 0
[2025-03-03T10:30:09.290+0000] {taskinstance.py:3280} INFO - 0 downstream tasks scheduled from follow-on schedule check
