[2025-03-03T10:30:15.948+0000] {taskinstance.py:1956} INFO - Dependencies all met for dep_context=non-requeueable deps ti=<TaskInstance: dag_ingest_data.add_new_data scheduled__2025-03-03T10:30:14+00:00 [queued]>
[2025-03-03T10:30:15.951+0000] {taskinstance.py:1956} INFO - Dependencies all met for dep_context=requeueable deps ti=<TaskInstance: dag_ingest_data.add_new_data scheduled__2025-03-03T10:30:14+00:00 [queued]>
[2025-03-03T10:30:15.952+0000] {taskinstance.py:2170} INFO - Starting attempt 1 of 2
[2025-03-03T10:30:15.959+0000] {taskinstance.py:2191} INFO - Executing <Task(PythonOperator): add_new_data> on 2025-03-03 10:30:14+00:00
[2025-03-03T10:30:15.962+0000] {standard_task_runner.py:60} INFO - Started process 6479 to run task
[2025-03-03T10:30:15.963+0000] {standard_task_runner.py:87} INFO - Running: ['***', 'tasks', 'run', 'dag_ingest_data', 'add_new_data', 'scheduled__2025-03-03T10:30:14+00:00', '--job-id', '222', '--raw', '--subdir', 'DAGS_FOLDER/dag_ingest_data.py', '--cfg-path', '/tmp/tmpdy5t1piy']
[2025-03-03T10:30:15.964+0000] {standard_task_runner.py:88} INFO - Job 222: Subtask add_new_data
[2025-03-03T10:30:15.970+0000] {warnings.py:109} WARNING - /home/***/.local/lib/python3.8/site-packages/***/settings.py:194: DeprecationWarning: The sql_alchemy_conn option in [core] has been moved to the sql_alchemy_conn option in [database] - the old setting has been used, but please update your config.
  SQL_ALCHEMY_CONN = conf.get("database", "SQL_ALCHEMY_CONN")

[2025-03-03T10:30:15.986+0000] {task_command.py:423} INFO - Running <TaskInstance: dag_ingest_data.add_new_data scheduled__2025-03-03T10:30:14+00:00 [running]> on host 87f967beecb5
[2025-03-03T10:30:16.020+0000] {taskinstance.py:2480} INFO - Exporting env vars: AIRFLOW_CTX_DAG_OWNER='***' AIRFLOW_CTX_DAG_ID='dag_ingest_data' AIRFLOW_CTX_TASK_ID='add_new_data' AIRFLOW_CTX_EXECUTION_DATE='2025-03-03T10:30:14+00:00' AIRFLOW_CTX_TRY_NUMBER='1' AIRFLOW_CTX_DAG_RUN_ID='scheduled__2025-03-03T10:30:14+00:00'
[2025-03-03T10:30:16.135+0000] {dag_ingest_data.py:38} INFO - Ajout de la ligne suivante à data :
image_path     /workspace/data/raw/img/image_1232937763_produ...
description    Console Playstation 2 Noire + Jeux (Saint Seiy...
prdtypecode             sets of gaming or video game accessories
Name: 21525, dtype: object
[2025-03-03T10:30:16.315+0000] {dag_ingest_data.py:53} INFO - Nouvelle taille du fichier data : 1728
[2025-03-03T10:30:16.317+0000] {python.py:201} INFO - Done. Returned value was: None
[2025-03-03T10:30:16.322+0000] {taskinstance.py:1138} INFO - Marking task as SUCCESS. dag_id=dag_ingest_data, task_id=add_new_data, execution_date=20250303T103014, start_date=20250303T103015, end_date=20250303T103016
[2025-03-03T10:30:16.438+0000] {local_task_job_runner.py:234} INFO - Task exited with return code 0
[2025-03-03T10:30:16.450+0000] {taskinstance.py:3280} INFO - 0 downstream tasks scheduled from follow-on schedule check
