[2025-03-04T13:59:28.664+0000] {taskinstance.py:1956} INFO - Dependencies all met for dep_context=non-requeueable deps ti=<TaskInstance: dag_train_model.check_data_growth manual__2025-03-04T13:59:27.898711+00:00 [queued]>
[2025-03-04T13:59:28.667+0000] {taskinstance.py:1956} INFO - Dependencies all met for dep_context=requeueable deps ti=<TaskInstance: dag_train_model.check_data_growth manual__2025-03-04T13:59:27.898711+00:00 [queued]>
[2025-03-04T13:59:28.667+0000] {taskinstance.py:2170} INFO - Starting attempt 1 of 2
[2025-03-04T13:59:28.672+0000] {taskinstance.py:2191} INFO - Executing <Task(BranchPythonOperator): check_data_growth> on 2025-03-04 13:59:27.898711+00:00
[2025-03-04T13:59:28.674+0000] {standard_task_runner.py:60} INFO - Started process 8267 to run task
[2025-03-04T13:59:28.676+0000] {standard_task_runner.py:87} INFO - Running: ['***', 'tasks', 'run', 'dag_train_model', 'check_data_growth', 'manual__2025-03-04T13:59:27.898711+00:00', '--job-id', '472', '--raw', '--subdir', 'DAGS_FOLDER/dag_train_model.py', '--cfg-path', '/tmp/tmp2rbpjhi9']
[2025-03-04T13:59:28.676+0000] {standard_task_runner.py:88} INFO - Job 472: Subtask check_data_growth
[2025-03-04T13:59:28.681+0000] {warnings.py:109} WARNING - /home/***/.local/lib/python3.8/site-packages/***/settings.py:194: DeprecationWarning: The sql_alchemy_conn option in [core] has been moved to the sql_alchemy_conn option in [database] - the old setting has been used, but please update your config.
  SQL_ALCHEMY_CONN = conf.get("database", "SQL_ALCHEMY_CONN")

[2025-03-04T13:59:28.693+0000] {task_command.py:423} INFO - Running <TaskInstance: dag_train_model.check_data_growth manual__2025-03-04T13:59:27.898711+00:00 [running]> on host 6b693801eb18
[2025-03-04T13:59:28.717+0000] {taskinstance.py:2480} INFO - Exporting env vars: AIRFLOW_CTX_DAG_OWNER='***' AIRFLOW_CTX_DAG_ID='dag_train_model' AIRFLOW_CTX_TASK_ID='check_data_growth' AIRFLOW_CTX_EXECUTION_DATE='2025-03-04T13:59:27.898711+00:00' AIRFLOW_CTX_TRY_NUMBER='1' AIRFLOW_CTX_DAG_RUN_ID='manual__2025-03-04T13:59:27.898711+00:00'
[2025-03-04T13:59:28.731+0000] {logging_mixin.py:188} INFO - previous size 1701
[2025-03-04T13:59:28.731+0000] {logging_mixin.py:188} INFO - new size 1701
[2025-03-04T13:59:28.731+0000] {logging_mixin.py:188} INFO - interval0
[2025-03-04T13:59:28.731+0000] {python.py:201} INFO - Done. Returned value was: skip_training
[2025-03-04T13:59:28.732+0000] {branch.py:35} INFO - Branch into skip_training
[2025-03-04T13:59:28.732+0000] {skipmixin.py:178} INFO - Following branch skip_training
[2025-03-04T13:59:28.738+0000] {skipmixin.py:244} INFO - Skipping tasks [('process_data', -1)]
[2025-03-04T13:59:28.753+0000] {taskinstance.py:1138} INFO - Marking task as SUCCESS. dag_id=dag_train_model, task_id=check_data_growth, execution_date=20250304T135927, start_date=20250304T135928, end_date=20250304T135928
[2025-03-04T13:59:28.767+0000] {local_task_job_runner.py:234} INFO - Task exited with return code 0
[2025-03-04T13:59:28.776+0000] {taskinstance.py:3280} INFO - 0 downstream tasks scheduled from follow-on schedule check
