[2025-03-04T14:28:22.349+0000] {taskinstance.py:1956} INFO - Dependencies all met for dep_context=non-requeueable deps ti=<TaskInstance: dag_ingest_data.add_new_data manual__2025-03-04T14:28:20.774051+00:00 [queued]>
[2025-03-04T14:28:22.360+0000] {taskinstance.py:1956} INFO - Dependencies all met for dep_context=requeueable deps ti=<TaskInstance: dag_ingest_data.add_new_data manual__2025-03-04T14:28:20.774051+00:00 [queued]>
[2025-03-04T14:28:22.360+0000] {taskinstance.py:2170} INFO - Starting attempt 1 of 2
[2025-03-04T14:28:22.380+0000] {taskinstance.py:2191} INFO - Executing <Task(PythonOperator): add_new_data> on 2025-03-04 14:28:20.774051+00:00
[2025-03-04T14:28:22.386+0000] {standard_task_runner.py:60} INFO - Started process 9621 to run task
[2025-03-04T14:28:22.388+0000] {standard_task_runner.py:87} INFO - Running: ['***', 'tasks', 'run', 'dag_ingest_data', 'add_new_data', 'manual__2025-03-04T14:28:20.774051+00:00', '--job-id', '544', '--raw', '--subdir', 'DAGS_FOLDER/dag_ingest_data.py', '--cfg-path', '/tmp/tmpqq503fvw']
[2025-03-04T14:28:22.390+0000] {standard_task_runner.py:88} INFO - Job 544: Subtask add_new_data
[2025-03-04T14:28:22.405+0000] {warnings.py:109} WARNING - /home/***/.local/lib/python3.8/site-packages/***/settings.py:194: DeprecationWarning: The sql_alchemy_conn option in [core] has been moved to the sql_alchemy_conn option in [database] - the old setting has been used, but please update your config.
  SQL_ALCHEMY_CONN = conf.get("database", "SQL_ALCHEMY_CONN")

[2025-03-04T14:28:22.455+0000] {task_command.py:423} INFO - Running <TaskInstance: dag_ingest_data.add_new_data manual__2025-03-04T14:28:20.774051+00:00 [running]> on host 6b693801eb18
[2025-03-04T14:28:22.529+0000] {taskinstance.py:2480} INFO - Exporting env vars: AIRFLOW_CTX_DAG_OWNER='***' AIRFLOW_CTX_DAG_ID='dag_ingest_data' AIRFLOW_CTX_TASK_ID='add_new_data' AIRFLOW_CTX_EXECUTION_DATE='2025-03-04T14:28:20.774051+00:00' AIRFLOW_CTX_TRY_NUMBER='1' AIRFLOW_CTX_DAG_RUN_ID='manual__2025-03-04T14:28:20.774051+00:00'
[2025-03-04T14:28:22.680+0000] {dag_ingest_data.py:36} INFO - Colonnes de df : Index(['image_path', 'description', 'prdtypecode'], dtype='object')
[2025-03-04T14:28:22.680+0000] {dag_ingest_data.py:37} INFO - Colonnes de df_unseen : Index(['image_path', 'description', 'prdtypecode'], dtype='object')
[2025-03-04T14:28:22.685+0000] {dag_ingest_data.py:41} INFO - Ajout de la ligne suivante à data :
                                              image_path  ...                      prdtypecode
26851  /workspace/data/raw/img/image_1292512230_produ...  ...  home furnishings and decoration

[1 rows x 3 columns]
[2025-03-04T14:28:22.887+0000] {python.py:201} INFO - Done. Returned value was: None
[2025-03-04T14:28:22.892+0000] {taskinstance.py:1138} INFO - Marking task as SUCCESS. dag_id=dag_ingest_data, task_id=add_new_data, execution_date=20250304T142820, start_date=20250304T142822, end_date=20250304T142822
[2025-03-04T14:28:22.923+0000] {local_task_job_runner.py:234} INFO - Task exited with return code 0
[2025-03-04T14:28:22.930+0000] {taskinstance.py:3280} INFO - 0 downstream tasks scheduled from follow-on schedule check
