[2025-03-03T10:30:29.757+0000] {taskinstance.py:1956} INFO - Dependencies all met for dep_context=non-requeueable deps ti=<TaskInstance: dag_ingest_data.add_new_data scheduled__2025-03-03T10:30:27+00:00 [queued]>
[2025-03-03T10:30:29.761+0000] {taskinstance.py:1956} INFO - Dependencies all met for dep_context=requeueable deps ti=<TaskInstance: dag_ingest_data.add_new_data scheduled__2025-03-03T10:30:27+00:00 [queued]>
[2025-03-03T10:30:29.761+0000] {taskinstance.py:2170} INFO - Starting attempt 1 of 2
[2025-03-03T10:30:29.767+0000] {taskinstance.py:2191} INFO - Executing <Task(PythonOperator): add_new_data> on 2025-03-03 10:30:27+00:00
[2025-03-03T10:30:29.770+0000] {standard_task_runner.py:60} INFO - Started process 6531 to run task
[2025-03-03T10:30:29.771+0000] {standard_task_runner.py:87} INFO - Running: ['***', 'tasks', 'run', 'dag_ingest_data', 'add_new_data', 'scheduled__2025-03-03T10:30:27+00:00', '--job-id', '236', '--raw', '--subdir', 'DAGS_FOLDER/dag_ingest_data.py', '--cfg-path', '/tmp/tmpfqdhk6p7']
[2025-03-03T10:30:29.772+0000] {standard_task_runner.py:88} INFO - Job 236: Subtask add_new_data
[2025-03-03T10:30:29.778+0000] {warnings.py:109} WARNING - /home/***/.local/lib/python3.8/site-packages/***/settings.py:194: DeprecationWarning: The sql_alchemy_conn option in [core] has been moved to the sql_alchemy_conn option in [database] - the old setting has been used, but please update your config.
  SQL_ALCHEMY_CONN = conf.get("database", "SQL_ALCHEMY_CONN")

[2025-03-03T10:30:29.795+0000] {task_command.py:423} INFO - Running <TaskInstance: dag_ingest_data.add_new_data scheduled__2025-03-03T10:30:27+00:00 [running]> on host 87f967beecb5
[2025-03-03T10:30:29.836+0000] {taskinstance.py:2480} INFO - Exporting env vars: AIRFLOW_CTX_DAG_OWNER='***' AIRFLOW_CTX_DAG_ID='dag_ingest_data' AIRFLOW_CTX_TASK_ID='add_new_data' AIRFLOW_CTX_EXECUTION_DATE='2025-03-03T10:30:27+00:00' AIRFLOW_CTX_TRY_NUMBER='1' AIRFLOW_CTX_DAG_RUN_ID='scheduled__2025-03-03T10:30:27+00:00'
[2025-03-03T10:30:30.182+0000] {dag_ingest_data.py:38} INFO - Ajout de la ligne suivante à data :
image_path     /workspace/data/raw/img/image_1303920727_produ...
description    Promotion ! Verre À Vin Artisanal &#39;Licorne...
prdtypecode                     home accessories and decorations
Name: 62028, dtype: object
[2025-03-03T10:30:30.767+0000] {dag_ingest_data.py:53} INFO - Nouvelle taille du fichier data : 1752
[2025-03-03T10:30:30.774+0000] {python.py:201} INFO - Done. Returned value was: None
[2025-03-03T10:30:30.778+0000] {taskinstance.py:1138} INFO - Marking task as SUCCESS. dag_id=dag_ingest_data, task_id=add_new_data, execution_date=20250303T103027, start_date=20250303T103029, end_date=20250303T103030
[2025-03-03T10:30:30.801+0000] {local_task_job_runner.py:234} INFO - Task exited with return code 0
[2025-03-03T10:30:30.811+0000] {taskinstance.py:3280} INFO - 0 downstream tasks scheduled from follow-on schedule check
