[2025-03-03T09:00:02.550+0000] {taskinstance.py:1956} INFO - Dependencies all met for dep_context=non-requeueable deps ti=<TaskInstance: dag_ingest_data.add_new_data scheduled__2025-03-03T09:00:00+00:00 [queued]>
[2025-03-03T09:00:02.554+0000] {taskinstance.py:1956} INFO - Dependencies all met for dep_context=requeueable deps ti=<TaskInstance: dag_ingest_data.add_new_data scheduled__2025-03-03T09:00:00+00:00 [queued]>
[2025-03-03T09:00:02.554+0000] {taskinstance.py:2170} INFO - Starting attempt 1 of 2
[2025-03-03T09:00:02.561+0000] {taskinstance.py:2191} INFO - Executing <Task(PythonOperator): add_new_data> on 2025-03-03 09:00:00+00:00
[2025-03-03T09:00:02.564+0000] {standard_task_runner.py:60} INFO - Started process 2280 to run task
[2025-03-03T09:00:02.565+0000] {standard_task_runner.py:87} INFO - Running: ['***', 'tasks', 'run', 'dag_ingest_data', 'add_new_data', 'scheduled__2025-03-03T09:00:00+00:00', '--job-id', '100', '--raw', '--subdir', 'DAGS_FOLDER/dag_ingest_data.py', '--cfg-path', '/tmp/tmp2y3mv37p']
[2025-03-03T09:00:02.566+0000] {standard_task_runner.py:88} INFO - Job 100: Subtask add_new_data
[2025-03-03T09:00:02.649+0000] {warnings.py:109} WARNING - /home/***/.local/lib/python3.8/site-packages/***/settings.py:194: DeprecationWarning: The sql_alchemy_conn option in [core] has been moved to the sql_alchemy_conn option in [database] - the old setting has been used, but please update your config.
  SQL_ALCHEMY_CONN = conf.get("database", "SQL_ALCHEMY_CONN")

[2025-03-03T09:00:02.677+0000] {task_command.py:423} INFO - Running <TaskInstance: dag_ingest_data.add_new_data scheduled__2025-03-03T09:00:00+00:00 [running]> on host 87f967beecb5
[2025-03-03T09:00:02.737+0000] {taskinstance.py:2480} INFO - Exporting env vars: AIRFLOW_CTX_DAG_OWNER='***' AIRFLOW_CTX_DAG_ID='dag_ingest_data' AIRFLOW_CTX_TASK_ID='add_new_data' AIRFLOW_CTX_EXECUTION_DATE='2025-03-03T09:00:00+00:00' AIRFLOW_CTX_TRY_NUMBER='1' AIRFLOW_CTX_DAG_RUN_ID='scheduled__2025-03-03T09:00:00+00:00'
[2025-03-03T09:00:02.775+0000] {logging_mixin.py:188} INFO - image_path                    NaN
description                   NaN
prdtypecode                   NaN
0                             NaN
0.1                           NaN
0.2                           NaN
0.3                           NaN
0.4                           NaN
0.5                           NaN
0.6                           NaN
0.7                           NaN
0.8                           NaN
0.9            trading card games
Name: 1772, dtype: object
[2025-03-03T09:00:02.863+0000] {python.py:201} INFO - Done. Returned value was: None
[2025-03-03T09:00:02.870+0000] {taskinstance.py:1138} INFO - Marking task as SUCCESS. dag_id=dag_ingest_data, task_id=add_new_data, execution_date=20250303T090000, start_date=20250303T090002, end_date=20250303T090002
[2025-03-03T09:00:02.980+0000] {local_task_job_runner.py:234} INFO - Task exited with return code 0
[2025-03-03T09:00:02.990+0000] {taskinstance.py:3280} INFO - 0 downstream tasks scheduled from follow-on schedule check
