[2025-03-04T13:52:55.234+0000] {taskinstance.py:1956} INFO - Dependencies all met for dep_context=non-requeueable deps ti=<TaskInstance: dag_train_model.check_data_growth manual__2025-03-04T13:52:51.089987+00:00 [queued]>
[2025-03-04T13:52:55.237+0000] {taskinstance.py:1956} INFO - Dependencies all met for dep_context=requeueable deps ti=<TaskInstance: dag_train_model.check_data_growth manual__2025-03-04T13:52:51.089987+00:00 [queued]>
[2025-03-04T13:52:55.237+0000] {taskinstance.py:2170} INFO - Starting attempt 1 of 2
[2025-03-04T13:52:55.243+0000] {taskinstance.py:2191} INFO - Executing <Task(BranchPythonOperator): check_data_growth> on 2025-03-04 13:52:51.089987+00:00
[2025-03-04T13:52:55.245+0000] {standard_task_runner.py:60} INFO - Started process 7993 to run task
[2025-03-04T13:52:55.247+0000] {standard_task_runner.py:87} INFO - Running: ['***', 'tasks', 'run', 'dag_train_model', 'check_data_growth', 'manual__2025-03-04T13:52:51.089987+00:00', '--job-id', '466', '--raw', '--subdir', 'DAGS_FOLDER/dag_train_model.py', '--cfg-path', '/tmp/tmpxrqag3so']
[2025-03-04T13:52:55.247+0000] {standard_task_runner.py:88} INFO - Job 466: Subtask check_data_growth
[2025-03-04T13:52:55.252+0000] {warnings.py:109} WARNING - /home/***/.local/lib/python3.8/site-packages/***/settings.py:194: DeprecationWarning: The sql_alchemy_conn option in [core] has been moved to the sql_alchemy_conn option in [database] - the old setting has been used, but please update your config.
  SQL_ALCHEMY_CONN = conf.get("database", "SQL_ALCHEMY_CONN")

[2025-03-04T13:52:55.265+0000] {task_command.py:423} INFO - Running <TaskInstance: dag_train_model.check_data_growth manual__2025-03-04T13:52:51.089987+00:00 [running]> on host 6b693801eb18
[2025-03-04T13:52:55.292+0000] {taskinstance.py:2480} INFO - Exporting env vars: AIRFLOW_CTX_DAG_OWNER='***' AIRFLOW_CTX_DAG_ID='dag_train_model' AIRFLOW_CTX_TASK_ID='check_data_growth' AIRFLOW_CTX_EXECUTION_DATE='2025-03-04T13:52:51.089987+00:00' AIRFLOW_CTX_TRY_NUMBER='1' AIRFLOW_CTX_DAG_RUN_ID='manual__2025-03-04T13:52:51.089987+00:00'
[2025-03-04T13:52:55.306+0000] {logging_mixin.py:188} INFO - previous size 1699
[2025-03-04T13:52:55.306+0000] {logging_mixin.py:188} INFO - new size 1699
[2025-03-04T13:52:55.306+0000] {logging_mixin.py:188} INFO - interval0
[2025-03-04T13:52:55.306+0000] {python.py:201} INFO - Done. Returned value was: skip_training
[2025-03-04T13:52:55.306+0000] {branch.py:35} INFO - Branch into skip_training
[2025-03-04T13:52:55.306+0000] {skipmixin.py:178} INFO - Following branch skip_training
[2025-03-04T13:52:55.310+0000] {taskinstance.py:2698} ERROR - Task failed with exception
Traceback (most recent call last):
  File "/home/airflow/.local/lib/python3.8/site-packages/airflow/models/taskinstance.py", line 433, in _execute_task
    result = execute_callable(context=context, **execute_callable_kwargs)
  File "/home/airflow/.local/lib/python3.8/site-packages/airflow/operators/python.py", line 233, in execute
    return self.do_branch(context, super().execute(context))
  File "/home/airflow/.local/lib/python3.8/site-packages/airflow/operators/branch.py", line 36, in do_branch
    self.skip_all_except(context["ti"], branches_to_execute)
  File "/home/airflow/.local/lib/python3.8/site-packages/airflow/models/skipmixin.py", line 213, in skip_all_except
    raise AirflowException(
airflow.exceptions.AirflowException: 'branch_task_ids' must contain only valid task_ids. Invalid tasks found: {'skip_training'}.
[2025-03-04T13:52:55.311+0000] {taskinstance.py:1138} INFO - Marking task as UP_FOR_RETRY. dag_id=dag_train_model, task_id=check_data_growth, execution_date=20250304T135251, start_date=20250304T135255, end_date=20250304T135255
[2025-03-04T13:52:55.316+0000] {standard_task_runner.py:107} ERROR - Failed to execute job 466 for task check_data_growth ('branch_task_ids' must contain only valid task_ids. Invalid tasks found: {'skip_training'}.; 7993)
[2025-03-04T13:52:55.338+0000] {local_task_job_runner.py:234} INFO - Task exited with return code 1
[2025-03-04T13:52:55.346+0000] {taskinstance.py:3280} INFO - 0 downstream tasks scheduled from follow-on schedule check
