[2025-03-03T08:42:42.161+0000] {taskinstance.py:1956} INFO - Dependencies all met for dep_context=non-requeueable deps ti=<TaskInstance: dag_ingest_data.add_new_data scheduled__2025-03-03T08:30:09+00:00 [queued]>
[2025-03-03T08:42:42.169+0000] {taskinstance.py:1956} INFO - Dependencies all met for dep_context=requeueable deps ti=<TaskInstance: dag_ingest_data.add_new_data scheduled__2025-03-03T08:30:09+00:00 [queued]>
[2025-03-03T08:42:42.169+0000] {taskinstance.py:2170} INFO - Starting attempt 3 of 4
[2025-03-03T08:42:42.185+0000] {taskinstance.py:2191} INFO - Executing <Task(PythonOperator): add_new_data> on 2025-03-03 08:30:09+00:00
[2025-03-03T08:42:42.191+0000] {standard_task_runner.py:60} INFO - Started process 1433 to run task
[2025-03-03T08:42:42.195+0000] {standard_task_runner.py:87} INFO - Running: ['***', 'tasks', 'run', 'dag_ingest_data', 'add_new_data', 'scheduled__2025-03-03T08:30:09+00:00', '--job-id', '52', '--raw', '--subdir', 'DAGS_FOLDER/dag_ingest_data.py', '--cfg-path', '/tmp/tmpjjg5v_c2']
[2025-03-03T08:42:42.197+0000] {standard_task_runner.py:88} INFO - Job 52: Subtask add_new_data
[2025-03-03T08:42:42.216+0000] {warnings.py:109} WARNING - /home/***/.local/lib/python3.8/site-packages/***/settings.py:194: DeprecationWarning: The sql_alchemy_conn option in [core] has been moved to the sql_alchemy_conn option in [database] - the old setting has been used, but please update your config.
  SQL_ALCHEMY_CONN = conf.get("database", "SQL_ALCHEMY_CONN")

[2025-03-03T08:42:42.269+0000] {task_command.py:423} INFO - Running <TaskInstance: dag_ingest_data.add_new_data scheduled__2025-03-03T08:30:09+00:00 [running]> on host 87f967beecb5
[2025-03-03T08:42:42.340+0000] {taskinstance.py:2480} INFO - Exporting env vars: AIRFLOW_CTX_DAG_OWNER='***' AIRFLOW_CTX_DAG_ID='dag_ingest_data' AIRFLOW_CTX_TASK_ID='add_new_data' AIRFLOW_CTX_EXECUTION_DATE='2025-03-03T08:30:09+00:00' AIRFLOW_CTX_TRY_NUMBER='3' AIRFLOW_CTX_DAG_RUN_ID='scheduled__2025-03-03T08:30:09+00:00'
[2025-03-03T08:42:43.121+0000] {logging_mixin.py:188} INFO - image_path     /workspace/data/raw/img/image_1155972515_produ...
description    Yu-Gi-Oh! - Cibr-Frse1 - Dragon Étincelles Chr...
prdtypecode                                   trading card games
Name: 83217, dtype: object
[2025-03-03T08:42:43.125+0000] {taskinstance.py:2698} ERROR - Task failed with exception
Traceback (most recent call last):
  File "/home/airflow/.local/lib/python3.8/site-packages/airflow/models/taskinstance.py", line 433, in _execute_task
    result = execute_callable(context=context, **execute_callable_kwargs)
  File "/home/airflow/.local/lib/python3.8/site-packages/airflow/operators/python.py", line 199, in execute
    return_value = self.execute_callable()
  File "/home/airflow/.local/lib/python3.8/site-packages/airflow/operators/python.py", line 216, in execute_callable
    return self.python_callable(*self.op_args, **self.op_kwargs)
  File "/opt/airflow/dags/dag_ingest_data.py", line 29, in add_new_data
    df = df.append(last_input, ignore_index=True)
  File "/home/airflow/.local/lib/python3.8/site-packages/pandas/core/generic.py", line 5989, in __getattr__
    return object.__getattribute__(self, name)
AttributeError: 'DataFrame' object has no attribute 'append'
[2025-03-03T08:42:43.140+0000] {taskinstance.py:1138} INFO - Marking task as UP_FOR_RETRY. dag_id=dag_ingest_data, task_id=add_new_data, execution_date=20250303T083009, start_date=20250303T084242, end_date=20250303T084243
[2025-03-03T08:42:43.157+0000] {standard_task_runner.py:107} ERROR - Failed to execute job 52 for task add_new_data ('DataFrame' object has no attribute 'append'; 1433)
[2025-03-03T08:42:43.241+0000] {local_task_job_runner.py:234} INFO - Task exited with return code 1
[2025-03-03T08:42:43.257+0000] {taskinstance.py:3280} INFO - 0 downstream tasks scheduled from follow-on schedule check
