[2025-03-04T14:00:50.798+0000] {taskinstance.py:1956} INFO - Dependencies all met for dep_context=non-requeueable deps ti=<TaskInstance: dag_ingest_data.add_new_data scheduled__2025-03-04T14:00:49+00:00 [queued]>
[2025-03-04T14:00:50.801+0000] {taskinstance.py:1956} INFO - Dependencies all met for dep_context=requeueable deps ti=<TaskInstance: dag_ingest_data.add_new_data scheduled__2025-03-04T14:00:49+00:00 [queued]>
[2025-03-04T14:00:50.801+0000] {taskinstance.py:2170} INFO - Starting attempt 1 of 2
[2025-03-04T14:00:50.806+0000] {taskinstance.py:2191} INFO - Executing <Task(PythonOperator): add_new_data> on 2025-03-04 14:00:49+00:00
[2025-03-04T14:00:50.809+0000] {standard_task_runner.py:60} INFO - Started process 8471 to run task
[2025-03-04T14:00:50.810+0000] {standard_task_runner.py:87} INFO - Running: ['***', 'tasks', 'run', 'dag_ingest_data', 'add_new_data', 'scheduled__2025-03-04T14:00:49+00:00', '--job-id', '521', '--raw', '--subdir', 'DAGS_FOLDER/dag_ingest_data.py', '--cfg-path', '/tmp/tmpp0hhnejq']
[2025-03-04T14:00:50.810+0000] {standard_task_runner.py:88} INFO - Job 521: Subtask add_new_data
[2025-03-04T14:00:50.816+0000] {warnings.py:109} WARNING - /home/***/.local/lib/python3.8/site-packages/***/settings.py:194: DeprecationWarning: The sql_alchemy_conn option in [core] has been moved to the sql_alchemy_conn option in [database] - the old setting has been used, but please update your config.
  SQL_ALCHEMY_CONN = conf.get("database", "SQL_ALCHEMY_CONN")

[2025-03-04T14:00:50.828+0000] {task_command.py:423} INFO - Running <TaskInstance: dag_ingest_data.add_new_data scheduled__2025-03-04T14:00:49+00:00 [running]> on host 6b693801eb18
[2025-03-04T14:00:50.857+0000] {taskinstance.py:2480} INFO - Exporting env vars: AIRFLOW_CTX_DAG_OWNER='***' AIRFLOW_CTX_DAG_ID='dag_ingest_data' AIRFLOW_CTX_TASK_ID='add_new_data' AIRFLOW_CTX_EXECUTION_DATE='2025-03-04T14:00:49+00:00' AIRFLOW_CTX_TRY_NUMBER='1' AIRFLOW_CTX_DAG_RUN_ID='scheduled__2025-03-04T14:00:49+00:00'
[2025-03-04T14:00:50.981+0000] {dag_ingest_data.py:36} INFO - Colonnes de df : Index(['image_path', 'description', 'prdtypecode'], dtype='object')
[2025-03-04T14:00:50.982+0000] {dag_ingest_data.py:37} INFO - Colonnes de df_unseen : Index(['image_path', 'description', 'prdtypecode'], dtype='object')
[2025-03-04T14:00:50.985+0000] {dag_ingest_data.py:41} INFO - Ajout de la ligne suivante à data :
                                              image_path  ...       prdtypecode
26868  /workspace/data/raw/img/image_915699622_produc...  ...  nursery products

[1 rows x 3 columns]
[2025-03-04T14:00:51.167+0000] {crypto.py:82} WARNING - empty cryptography key - values will not be stored encrypted.
[2025-03-04T14:00:51.169+0000] {dag_ingest_data.py:63} INFO - Nouvelle taille du fichier data : 1746
[2025-03-04T14:00:51.171+0000] {python.py:201} INFO - Done. Returned value was: None
[2025-03-04T14:00:51.175+0000] {taskinstance.py:1138} INFO - Marking task as SUCCESS. dag_id=dag_ingest_data, task_id=add_new_data, execution_date=20250304T140049, start_date=20250304T140050, end_date=20250304T140051
[2025-03-04T14:00:51.222+0000] {local_task_job_runner.py:234} INFO - Task exited with return code 0
[2025-03-04T14:00:51.229+0000] {taskinstance.py:3280} INFO - 0 downstream tasks scheduled from follow-on schedule check
