[2025-03-04T16:00:40.517+0000] {taskinstance.py:1956} INFO - Dependencies all met for dep_context=non-requeueable deps ti=<TaskInstance: dag_ingest_data.add_new_data scheduled__2025-03-04T16:00:39+00:00 [queued]>
[2025-03-04T16:00:40.520+0000] {taskinstance.py:1956} INFO - Dependencies all met for dep_context=requeueable deps ti=<TaskInstance: dag_ingest_data.add_new_data scheduled__2025-03-04T16:00:39+00:00 [queued]>
[2025-03-04T16:00:40.520+0000] {taskinstance.py:2170} INFO - Starting attempt 1 of 2
[2025-03-04T16:00:40.526+0000] {taskinstance.py:2191} INFO - Executing <Task(PythonOperator): add_new_data> on 2025-03-04 16:00:39+00:00
[2025-03-04T16:00:40.528+0000] {standard_task_runner.py:60} INFO - Started process 13548 to run task
[2025-03-04T16:00:40.529+0000] {standard_task_runner.py:87} INFO - Running: ['***', 'tasks', 'run', 'dag_ingest_data', 'add_new_data', 'scheduled__2025-03-04T16:00:39+00:00', '--job-id', '761', '--raw', '--subdir', 'DAGS_FOLDER/dag_ingest_data.py', '--cfg-path', '/tmp/tmp8sm4m2xf']
[2025-03-04T16:00:40.530+0000] {standard_task_runner.py:88} INFO - Job 761: Subtask add_new_data
[2025-03-04T16:00:40.535+0000] {warnings.py:109} WARNING - /home/***/.local/lib/python3.8/site-packages/***/settings.py:194: DeprecationWarning: The sql_alchemy_conn option in [core] has been moved to the sql_alchemy_conn option in [database] - the old setting has been used, but please update your config.
  SQL_ALCHEMY_CONN = conf.get("database", "SQL_ALCHEMY_CONN")

[2025-03-04T16:00:40.548+0000] {task_command.py:423} INFO - Running <TaskInstance: dag_ingest_data.add_new_data scheduled__2025-03-04T16:00:39+00:00 [running]> on host 6b693801eb18
[2025-03-04T16:00:40.583+0000] {taskinstance.py:2480} INFO - Exporting env vars: AIRFLOW_CTX_DAG_OWNER='***' AIRFLOW_CTX_DAG_ID='dag_ingest_data' AIRFLOW_CTX_TASK_ID='add_new_data' AIRFLOW_CTX_EXECUTION_DATE='2025-03-04T16:00:39+00:00' AIRFLOW_CTX_TRY_NUMBER='1' AIRFLOW_CTX_DAG_RUN_ID='scheduled__2025-03-04T16:00:39+00:00'
[2025-03-04T16:00:40.671+0000] {dag_ingest_data.py:36} INFO - Colonnes de df : Index(['image_path', 'description', 'prdtypecode'], dtype='object')
[2025-03-04T16:00:40.671+0000] {dag_ingest_data.py:37} INFO - Colonnes de df_unseen : Index(['image_path', 'description', 'prdtypecode'], dtype='object')
[2025-03-04T16:00:40.675+0000] {dag_ingest_data.py:41} INFO - Ajout de la ligne suivante à data :
                                              image_path  ...                      prdtypecode
19209  /workspace/data/raw/img/image_1262355013_produ...  ...  home furnishings and decoration

[1 rows x 3 columns]
[2025-03-04T16:00:40.803+0000] {python.py:201} INFO - Done. Returned value was: None
[2025-03-04T16:00:40.807+0000] {taskinstance.py:1138} INFO - Marking task as SUCCESS. dag_id=dag_ingest_data, task_id=add_new_data, execution_date=20250304T160039, start_date=20250304T160040, end_date=20250304T160040
[2025-03-04T16:00:40.821+0000] {local_task_job_runner.py:234} INFO - Task exited with return code 0
[2025-03-04T16:00:40.828+0000] {taskinstance.py:3280} INFO - 0 downstream tasks scheduled from follow-on schedule check
