[2025-03-03T12:30:10.258+0000] {taskinstance.py:1956} INFO - Dependencies all met for dep_context=non-requeueable deps ti=<TaskInstance: dag_ingest_data.add_new_data scheduled__2025-03-03T12:30:08+00:00 [queued]>
[2025-03-03T12:30:10.262+0000] {taskinstance.py:1956} INFO - Dependencies all met for dep_context=requeueable deps ti=<TaskInstance: dag_ingest_data.add_new_data scheduled__2025-03-03T12:30:08+00:00 [queued]>
[2025-03-03T12:30:10.262+0000] {taskinstance.py:2170} INFO - Starting attempt 1 of 2
[2025-03-03T12:30:10.269+0000] {taskinstance.py:2191} INFO - Executing <Task(PythonOperator): add_new_data> on 2025-03-03 12:30:08+00:00
[2025-03-03T12:30:10.272+0000] {standard_task_runner.py:60} INFO - Started process 784 to run task
[2025-03-03T12:30:10.274+0000] {standard_task_runner.py:87} INFO - Running: ['***', 'tasks', 'run', 'dag_ingest_data', 'add_new_data', 'scheduled__2025-03-03T12:30:08+00:00', '--job-id', '299', '--raw', '--subdir', 'DAGS_FOLDER/dag_ingest_data.py', '--cfg-path', '/tmp/tmpa27r9l8o']
[2025-03-03T12:30:10.274+0000] {standard_task_runner.py:88} INFO - Job 299: Subtask add_new_data
[2025-03-03T12:30:10.281+0000] {warnings.py:109} WARNING - /home/***/.local/lib/python3.8/site-packages/***/settings.py:194: DeprecationWarning: The sql_alchemy_conn option in [core] has been moved to the sql_alchemy_conn option in [database] - the old setting has been used, but please update your config.
  SQL_ALCHEMY_CONN = conf.get("database", "SQL_ALCHEMY_CONN")

[2025-03-03T12:30:10.299+0000] {task_command.py:423} INFO - Running <TaskInstance: dag_ingest_data.add_new_data scheduled__2025-03-03T12:30:08+00:00 [running]> on host 2f9b212df786
[2025-03-03T12:30:10.337+0000] {taskinstance.py:2480} INFO - Exporting env vars: AIRFLOW_CTX_DAG_OWNER='***' AIRFLOW_CTX_DAG_ID='dag_ingest_data' AIRFLOW_CTX_TASK_ID='add_new_data' AIRFLOW_CTX_EXECUTION_DATE='2025-03-03T12:30:08+00:00' AIRFLOW_CTX_TRY_NUMBER='1' AIRFLOW_CTX_DAG_RUN_ID='scheduled__2025-03-03T12:30:08+00:00'
[2025-03-03T12:30:10.776+0000] {dag_ingest_data.py:38} INFO - Ajout de la ligne suivante à data :
image_path     /workspace/data/raw/img/image_1155972515_produ...
description    Yu-Gi-Oh! - Cibr-Frse1 - Dragon Étincelles Chr...
prdtypecode                                   trading card games
Name: 83217, dtype: object
[2025-03-03T12:30:10.782+0000] {dag_ingest_data.py:58} ERROR - Une erreur s'est produite lors de l'ajout de données : [Errno 13] Permission denied: '/opt/***/data/processed/data.csv'
[2025-03-03T12:30:10.782+0000] {taskinstance.py:2698} ERROR - Task failed with exception
Traceback (most recent call last):
  File "/home/airflow/.local/lib/python3.8/site-packages/airflow/models/taskinstance.py", line 433, in _execute_task
    result = execute_callable(context=context, **execute_callable_kwargs)
  File "/home/airflow/.local/lib/python3.8/site-packages/airflow/operators/python.py", line 199, in execute
    return_value = self.execute_callable()
  File "/home/airflow/.local/lib/python3.8/site-packages/airflow/operators/python.py", line 216, in execute_callable
    return self.python_callable(*self.op_args, **self.op_kwargs)
  File "/opt/airflow/dags/dag_ingest_data.py", line 59, in add_new_data
    raise e  # Optionnel, pour remonter l'erreur dans Airflow
  File "/opt/airflow/dags/dag_ingest_data.py", line 47, in add_new_data
    df.to_csv(DATA_PATH_DATA, index=False)
  File "/home/airflow/.local/lib/python3.8/site-packages/pandas/core/generic.py", line 3772, in to_csv
    return DataFrameRenderer(formatter).to_csv(
  File "/home/airflow/.local/lib/python3.8/site-packages/pandas/io/formats/format.py", line 1186, in to_csv
    csv_formatter.save()
  File "/home/airflow/.local/lib/python3.8/site-packages/pandas/io/formats/csvs.py", line 240, in save
    with get_handle(
  File "/home/airflow/.local/lib/python3.8/site-packages/pandas/io/common.py", line 859, in get_handle
    handle = open(
PermissionError: [Errno 13] Permission denied: '/opt/airflow/data/processed/data.csv'
[2025-03-03T12:30:10.788+0000] {taskinstance.py:1138} INFO - Marking task as UP_FOR_RETRY. dag_id=dag_ingest_data, task_id=add_new_data, execution_date=20250303T123008, start_date=20250303T123010, end_date=20250303T123010
[2025-03-03T12:30:10.794+0000] {standard_task_runner.py:107} ERROR - Failed to execute job 299 for task add_new_data ([Errno 13] Permission denied: '/opt/airflow/data/processed/data.csv'; 784)
[2025-03-03T12:30:10.810+0000] {local_task_job_runner.py:234} INFO - Task exited with return code 1
[2025-03-03T12:30:10.818+0000] {taskinstance.py:3280} INFO - 0 downstream tasks scheduled from follow-on schedule check
